C:\TEMP\SISLDLL\DEBUG\EXAMPLE01.EXE
C:\TEMP\SISLDLL\DEBUG\EXAMPLE01.ILK
C:\TEMP\SISLDLL\DEBUG\EXAMPLE01.PDB
C:\TEMP\SISLDLL\EXAMPLE01\DEBUG\EXAMPLE01.EXE.EMBED.MANIFEST
C:\TEMP\SISLDLL\EXAMPLE01\DEBUG\EXAMPLE01.EXE.EMBED.MANIFEST.RES
C:\TEMP\SISLDLL\EXAMPLE01\DEBUG\EXAMPLE01.EXE.INTERMEDIATE.MANIFEST
C:\TEMP\SISLDLL\EXAMPLE01\DEBUG\EXAMPLE01.OBJ
C:\TEMP\SISLDLL\EXAMPLE01\DEBUG\GOREADWRITE.OBJ
C:\TEMP\SISLDLL\EXAMPLE01\DEBUG\VC100.PDB
C:\Users\jjosburn\Documents\programming\sisldll\Debug\example01.exe
C:\Users\jjosburn\Documents\programming\sisldll\Debug\example01.ilk
C:\Users\jjosburn\Documents\programming\sisldll\Debug\example01.pdb
C:\Users\jjosburn\Documents\programming\sisldll\example01\Debug\cl.command.1.tlog
C:\Users\jjosburn\Documents\programming\sisldll\example01\Debug\CL.read.1.tlog
C:\Users\jjosburn\Documents\programming\sisldll\example01\Debug\CL.write.1.tlog
C:\Users\jjosburn\Documents\programming\sisldll\example01\Debug\example01.exe.embed.manifest
C:\Users\jjosburn\Documents\programming\sisldll\example01\Debug\example01.exe.embed.manifest.res
C:\Users\jjosburn\Documents\programming\sisldll\example01\Debug\example01.exe.intermediate.manifest
C:\Users\jjosburn\Documents\programming\sisldll\example01\Debug\example01.obj
C:\Users\jjosburn\Documents\programming\sisldll\example01\Debug\example01.write.1.tlog
C:\Users\jjosburn\Documents\programming\sisldll\example01\Debug\example01_manifest.rc
C:\Users\jjosburn\Documents\programming\sisldll\example01\Debug\GoReadWrite.obj
C:\Users\jjosburn\Documents\programming\sisldll\example01\Debug\link.776.read.1.tlog
C:\Users\jjosburn\Documents\programming\sisldll\example01\Debug\link.776.write.1.tlog
C:\Users\jjosburn\Documents\programming\sisldll\example01\Debug\link.776-cvtres.read.1.tlog
C:\Users\jjosburn\Documents\programming\sisldll\example01\Debug\link.776-cvtres.write.1.tlog
C:\Users\jjosburn\Documents\programming\sisldll\example01\Debug\link.command.1.tlog
C:\Users\jjosburn\Documents\programming\sisldll\example01\Debug\link.read.1.tlog
C:\Users\jjosburn\Documents\programming\sisldll\example01\Debug\link.write.1.tlog
C:\Users\jjosburn\Documents\programming\sisldll\example01\Debug\link-cvtres.read.1.tlog
C:\Users\jjosburn\Documents\programming\sisldll\example01\Debug\link-cvtres.write.1.tlog
C:\Users\jjosburn\Documents\programming\sisldll\example01\Debug\mt.command.1.tlog
C:\Users\jjosburn\Documents\programming\sisldll\example01\Debug\mt.read.1.tlog
C:\Users\jjosburn\Documents\programming\sisldll\example01\Debug\mt.write.1.tlog
C:\Users\jjosburn\Documents\programming\sisldll\example01\Debug\rc.command.1.tlog
C:\Users\jjosburn\Documents\programming\sisldll\example01\Debug\rc.read.1.tlog
C:\Users\jjosburn\Documents\programming\sisldll\example01\Debug\rc.write.1.tlog
C:\Users\jjosburn\Documents\programming\sisldll\example01\Debug\vc100.idb
C:\Users\jjosburn\Documents\programming\sisldll\example01\Debug\vc100.pdb
